Build started 08.09.2011 23:27:22.
     1>Project "D:\Учёба\Архитектура компьютеров\!Лабораторные работы\!Lab1\reshenie\laba1\laba1.vcxproj" on node 2 (build target(s)).
     1>InitializeBuildStatus:
         Creating "Debug\laba1.unsuccessfulbuild" because "AlwaysCreate" was specified.
       ClCompile:
         D:\visual studio 2010\VC\bin\CL.exe /c /ZI /nologo /W3 /WX- /Od /Oy- /D WIN32 /D _DEBUG /D _CONSOLE /D _UNICODE /D UNICODE /Gm /EHsc /RTC1 /MDd /GS /fp:precise /Zc:wchar_t /Zc:forScope /Fo"Debug\\" /Fd"Debug\vc100.pdb" /Gd /TP /analyze- /errorReport:prompt laba1.cpp
         laba1.cpp
       ManifestResourceCompile:
         All outputs are up-to-date.
       Link:
         D:\visual studio 2010\VC\bin\link.exe /ERRORREPORT:PROMPT /OUT:"D:\Учёба\Архитектура компьютеров\!Лабораторные работы\!Lab1\reshenie\laba1\Debug\laba1.exe" /INCREMENTAL /NOLOGO kernel32.lib user32.lib gdi32.lib winspool.lib comdlg32.lib advapi32.lib shell32.lib ole32.lib oleaut32.lib uuid.lib odbc32.lib odbccp32.lib /MANIFEST /ManifestFile:"Debug\laba1.exe.intermediate.manifest" /MANIFESTUAC:"level='asInvoker' uiAccess='false'" /DEBUG /PDB:"D:\Учёба\Архитектура компьютеров\!Лабораторные работы\!Lab1\reshenie\laba1\Debug\laba1.pdb" /SUBSYSTEM:CONSOLE /TLBID:1 /DYNAMICBASE /NXCOMPAT /IMPLIB:"D:\Учёба\Архитектура компьютеров\!Лабораторные работы\!Lab1\reshenie\laba1\Debug\laba1.lib" /MACHINE:X86 Debug\laba1.exe.embed.manifest.res
         Debug\laba1.obj
         Debug\stdafx.obj
       Manifest:
         C:\Program Files (x86)\Microsoft SDKs\Windows\v7.0A\bin\mt.exe /nologo /verbose /out:"Debug\laba1.exe.embed.manifest" /manifest Debug\laba1.exe.intermediate.manifest
         All outputs are up-to-date.
       LinkEmbedManifest:
         All outputs are up-to-date.
         laba1.vcxproj -> D:\Учёба\Архитектура компьютеров\!Лабораторные работы\!Lab1\reshenie\laba1\Debug\laba1.exe
       FinalizeBuildStatus:
         Deleting file "Debug\laba1.unsuccessfulbuild".
         Touching "Debug\laba1.lastbuildstate".
     1>Done Building Project "D:\Учёба\Архитектура компьютеров\!Лабораторные работы\!Lab1\reshenie\laba1\laba1.vcxproj" (build target(s)).

Build succeeded.

Time Elapsed 00:00:00.81
